<?xml version="1.0" encoding="UTF-8"?>
<testsuite xmlns:xsi="http://www.w3.org/2001/XMLSchema-instance" xsi:noNamespaceSchemaLocation="https://maven.apache.org/surefire/maven-surefire-plugin/xsd/surefire-test-report-3.0.xsd" version="3.0" name="org.example.AppTest" time="1.437" tests="13" errors="0" skipped="0" failures="0">
  <properties>
[...]
</properties>
  <testcase name="testAddStudentValidEmail" classname="org.example.AppTest" time="0.587"/>
  <testcase name="testAddStudentValidGroup" classname="org.example.AppTest" time="0.056"/>
  <testcase name="testAddStudentNullName" classname="org.example.AppTest" time="0.043"/>
  <testcase name="testAddStudentValidId" classname="org.example.AppTest" time="0.055"/>
  <testcase name="testAddStudentInvalidGroup" classname="org.example.AppTest" time="0.023"/>
  <testcase name="testAddStudent" classname="org.example.AppTest" time="0.092"/>
  <testcase name="testAddStudentEmptyName" classname="org.example.AppTest" time="0.041"/>
  <testcase name="testAddStudentValidName" classname="org.example.AppTest" time="0.073"/>
  <testcase name="testAddStudentEmptyEmail" classname="org.example.AppTest" time="0.031"/>
  <testcase name="testAddStudentGroupLowerBVABound" classname="org.example.AppTest" time="0.06"/>
  <testcase name="testAddStudentEmptyId" classname="org.example.AppTest" time="0.019"/>
  <testcase name="testAddStudentNullEmail" classname="org.example.AppTest" time="0.018"/>
  <testcase name="testAddStudentNullId" classname="org.example.AppTest" time="0.022"/>
</testsuite>